app/build/outputs/mapping/release/seeds.txt
tkhub.project.kesbewa.data.model.Products: java.lang.String pro_make
tkhub.project.kesbewa.ui.fragment.nav.showcase.ShowCaseTwoFragment: ShowCaseTwoFragment()
tkhub.project.kesbewa.data.model.Products: void setSold_out(boolean)
tkhub.project.kesbewa.data.model.googlePlaceDetails.AddressComponent: AddressComponent(java.lang.String,java.lang.String)
tkhub.project.kesbewa.data.model.googlePlaceDetails.AddressComponent: int hashCode()
tkhub.project.kesbewa.data.model.VersionRespons: java.lang.String toString()
tkhub.project.kesbewa.data.model.User: java.lang.String getUser_login()
tkhub.project.kesbewa.data.model.CartItem: java.lang.Long component1()
tkhub.project.kesbewa.data.model.ManualLocation
tkhub.project.kesbewa.data.model.FinalCheckoutAmount$Creator: java.lang.Object createFromParcel(android.os.Parcel)
tkhub.project.kesbewa.data.model.ProductSize: java.lang.String component1()
tkhub.project.kesbewa.data.model.OrderRespons: long getOrder_promo_code_id()
tkhub.project.kesbewa.data.model.OrderRespons: java.lang.String order_user_id
tkhub.project.kesbewa.data.model.PromoCode: boolean component7()
tkhub.project.kesbewa.data.model.googlePlaceDetails.Result: void setFormatted_address(java.lang.String)
tkhub.project.kesbewa.ui.fragment.CartFragment
tkhub.project.kesbewa.data.model.Predictions: java.lang.String component2()
tkhub.project.kesbewa.data.model.OrderRespons: void setDelivery_address(tkhub.project.kesbewa.data.model.DeliveryAddress)
tkhub.project.kesbewa.data.model.VersionRespons: long component9()
tkhub.project.kesbewa.data.model.VersionRespons: void setVersion(java.lang.String)
tkhub.project.kesbewa.data.model.DeliveryAddress: java.lang.String getAddress_id()
tkhub.project.kesbewa.data.model.FinalCheckoutAmount: double getNeedtoPay()
tkhub.project.kesbewa.data.model.CartItem: java.lang.String pro_colour
tkhub.project.kesbewa.data.model.OrderRespons: tkhub.project.kesbewa.data.model.DeliveryAddress component21()
tkhub.project.kesbewa.data.model.City_v2: java.lang.String postcode
tkhub.project.kesbewa.data.model.ProductSize: double price
tkhub.project.kesbewa.data.model.Products: java.lang.String pro_catagory
tkhub.project.kesbewa.data.model.AppLog: tkhub.project.kesbewa.data.model.AppLog copy$default(tkhub.project.kesbewa.data.model.AppLog,java.lang.String,java.lang.String,java.lang.String,int,java.lang.Object)
tkhub.project.kesbewa.data.model.Products: java.lang.String toString()
tkhub.project.kesbewa.data.model.OrderRespons: java.lang.String getOrder_dispatch_type()
tkhub.project.kesbewa.data.model.City_v2: java.lang.String district_id
tkhub.project.kesbewa.data.model.googlePlaceDetails.AddressComponent: void setLong_name(java.lang.String)
tkhub.project.kesbewa.data.model.VersionRespons: long special_note_critical
tkhub.project.kesbewa.data.model.CartItem: void setPro_colour_code(java.lang.String)
tkhub.project.kesbewa.data.model.ProductSize: java.lang.String getSize()
tkhub.project.kesbewa.data.model.Products: Products(long,java.lang.String,double,java.lang.String,java.lang.String,java.lang.String,java.lang.String,java.lang.String,boolean,int,java.lang.String,java.lang.String,double)
tkhub.project.kesbewa.data.model.User: java.lang.String component3()
tkhub.project.kesbewa.data.model.OrderRespons: double getOrder_subtotal_total()
tkhub.project.kesbewa.data.model.User$Creator: User$Creator()
tkhub.project.kesbewa.data.model.City_v2: void setDistrict_id(java.lang.String)
tkhub.project.kesbewa.data.model.CartItem: java.lang.Long cart_id
tkhub.project.kesbewa.data.model.CurrentLocation: double component1()
tkhub.project.kesbewa.data.model.googlePlaceDetails.GooglePlaceDetails: tkhub.project.kesbewa.data.model.googlePlaceDetails.GooglePlaceDetails copy(tkhub.project.kesbewa.data.model.googlePlaceDetails.Result,java.lang.String)
tkhub.project.kesbewa.data.model.CartItem: java.lang.Boolean component11()
tkhub.project.kesbewa.data.model.OrderConfigLog: void setOrder_delivery(java.lang.Boolean)
...
coil.request.CachePolicy
com.bumptech.glide.load.engine.DecodeJob$Stage: com.bumptech.glide.load.engine.DecodeJob$Stage SOURCE
com.google.gson.stream.JsonToken: com.google.gson.stream.JsonToken NUMBER
com.bumptech.glide.load.ImageHeaderParser$ImageType: com.bumptech.glide.load.ImageHeaderParser$ImageType WEBP_A
com.google.protobuf.FieldType: boolean isList()
androidx.viewpager2.widget.ViewPager2: void setPageTransformer(androidx.viewpager2.widget.ViewPager2$PageTransformer)
io.reactivex.BackpressureStrategy: io.reactivex.BackpressureStrategy LATEST
com.google.firebase.perf.internal.RemoteConfigManager: com.google.firebase.perf.util.Optional getBoolean(java.lang.String)
com.google.android.gms.internal.clearcut.zzcb: com.google.android.gms.internal.clearcut.zzcb zzhy
com.google.firebase.database.tubesock.WebSocket$State: com.google.firebase.database.tubesock.WebSocket$State[] $VALUES
androidx.appcompat.view.menu.ActionMenuItemView: void setItemInvoker(androidx.appcompat.view.menu.MenuBuilder$ItemInvoker)
com.google.firebase.crashlytics.internal.common.CommonUtils$Architecture: com.google.firebase.crashlytics.internal.common.CommonUtils$Architecture[] values()
com.google.android.material.chip.Chip: android.text.TextUtils$TruncateAt getEllipsize()
com.google.android.material.floatingactionbutton.FloatingActionButton: com.google.android.material.floatingactionbutton.FloatingActionButtonImpl getImpl()
com.google.android.material.chip.Chip: void setChipText(java.lang.CharSequence)
androidx.lifecycle.SavedStateHandleController$OnRecreation: SavedStateHandleController$OnRecreation()
androidx.appcompat.widget.SearchView: int getPreferredWidth()
androidx.lifecycle.ReportFragment$LifecycleCallbacks: void onActivitySaveInstanceState(android.app.Activity,android.os.Bundle)
com.google.firebase.perf.v1.NetworkConnectionInfo$NetworkType: com.google.protobuf.Internal$EnumLiteMap internalGetValueMap()
com.google.android.material.internal.CheckableImageButton
com.google.firebase.database.core.view.QueryParams$ViewFrom: com.google.firebase.database.core.view.QueryParams$ViewFrom valueOf(java.lang.String)
okhttp3.internal.http2.ErrorCode: okhttp3.internal.http2.ErrorCode[] $VALUES
com.google.android.material.chip.Chip: void setLayoutDirection(int)
com.google.android.youtube.player.YouTubeInitializationResult: com.google.android.youtube.player.YouTubeInitializationResult CLIENT_LIBRARY_UPDATE_REQUIRED
com.google.firebase.perf.util.Constants$CounterNames: com.google.firebase.perf.util.Constants$CounterNames valueOf(java.lang.String)
com.google.firebase.perf.util.Constants$TraceNames: com.google.firebase.perf.util.Constants$TraceNames[] $VALUES
com.google.firebase.perf.internal.AppStateUpdateHandler: boolean mIsRegisteredForAppState
com.google.firebase.perf.internal.RemoteConfigManager: java.lang.String FIREPERF_FRC_NAMESPACE_NAME
androidx.appcompat.widget.ActionBarContextView: java.lang.CharSequence getSubtitle()
com.google.android.material.button.MaterialButton: void setIconTintResource(int)
com.google.firebase.perf.v1.NetworkConnectionInfo: int MOBILE_SUBTYPE_FIELD_NUMBER
com.google.protobuf.FieldType: com.google.protobuf.FieldType FIXED32
com.pierfrancescosoffritti.androidyoutubeplayer.core.player.PlayerConstants$PlaybackRate: com.pierfrancescosoffritti.androidyoutubeplayer.core.player.PlayerConstants$PlaybackRate RATE_0_5
com.google.android.gms.phenotype.ExperimentTokens: android.os.Parcelable$Creator CREATOR
androidx.appcompat.widget.SearchView: void setQuery(java.lang.CharSequence)
androidx.appcompat.view.menu.ExpandedMenuView
androidx.recyclerview.widget.RecyclerView: void removeOnItemTouchListener(androidx.recyclerview.widget.RecyclerView$OnItemTouchListener)
androidx.recyclerview.widget.RecyclerView: androidx.recyclerview.widget.RecyclerView$ViewHolder findViewHolderForPosition(int,boolean)
com.google.firebase.perf.metrics.Trace: void stop()
androidx.recyclerview.widget.RecyclerView: boolean hasNestedScrollingParent(int)