app/build/outputs/mapping/release/usage.txt
tkhub.project.kesbewa.data.db.OrderDao:
    public abstract java.lang.Object selctAll(kotlin.coroutines.Continuation)
    public abstract java.lang.Object getQuantityTotal(kotlin.coroutines.Continuation)
tkhub.project.kesbewa.ui.adapters.ProductsSizeAdapter$ProductsSizeViewHolder:
    public final void setMClickListener(tkhub.project.kesbewa.ui.adapters.ProductsSizeAdapter$ClickListener)
tkhub.project.kesbewa.services.network.InternetConnection:
    public final android.content.Context getApp()
    public final void setApp(android.content.Context)
tkhub.project.kesbewa.databinding.ListviewCartitemsBindingImpl:
    public boolean setVariable(int,java.lang.Object)
tkhub.project.kesbewa.databinding.ListviewProductColorBindingImpl:
    public boolean setVariable(int,java.lang.Object)
tkhub.project.kesbewa.databinding.DialogNoteBindingImpl:
    public boolean setVariable(int,java.lang.Object)
    public void setViewmodelqtydialog(tkhub.project.kesbewa.viewmodels.home.HomeViewModel)
tkhub.project.kesbewa.ui.fragment.nav.myorders.PastOrdersFragment:
    public final void setRoot(android.view.View)
    public final androidx.appcompat.app.AlertDialog getAlertDialog()
    public final void setAlertDialog(androidx.appcompat.app.AlertDialog)
    public android.view.View _$_findCachedViewById(int)
    private androidx.appcompat.app.AlertDialog alertDialog
tkhub.project.kesbewa.ui.adapters.ProductsSizeAdapter:
    public final tkhub.project.kesbewa.ui.adapters.ProductsSizeAdapter$ClickListener getMClickListener()
    public final void setMClickListener(tkhub.project.kesbewa.ui.adapters.ProductsSizeAdapter$ClickListener)
tkhub.project.kesbewa.viewmodels.home.HomeViewModel:
    public final android.content.Context getMContext()
    public final void setMContext(android.content.Context)
    public final void setRepo(tkhub.project.kesbewa.repo.HomeRepo)
    public final androidx.databinding.ObservableField getTextProductName()
    public final void setTextProductName(androidx.databinding.ObservableField)
    public final androidx.databinding.ObservableField getTextProductPrice()
    public final void setTextProductPrice(androidx.databinding.ObservableField)
    public final void setTextProductDetails(androidx.databinding.ObservableField)
    public final void setTextProductQty(androidx.databinding.ObservableField)
    public final androidx.databinding.ObservableField getTextProductCode()
    public final void setTextProductCode(androidx.databinding.ObservableField)
    public final void setTotalAmount(androidx.databinding.ObservableField)
    public final void setTextCartCount(androidx.databinding.ObservableField)
    public final void setProductLoaderVisible(androidx.databinding.ObservableField)
    public final void setProductDetailsLoaderVisible(androidx.databinding.ObservableField)
    public final androidx.lifecycle.LiveData getUserPreferencesProducts()
    public final androidx.lifecycle.LiveData getTotalQty()
    public final androidx.lifecycle.LiveData getAddToCartStatus()
    public final androidx.lifecycle.LiveData getCartCountUpdateStatus()
tkhub.project.kesbewa.R$animator
tkhub.project.kesbewa.repo.RegisterRepo:
    public final void setMContext(android.content.Context)
    public final com.google.firebase.database.FirebaseDatabase getDatabase()
    public final void setDatabase(com.google.firebase.database.FirebaseDatabase)
    public final void setUserRef(com.google.firebase.database.DatabaseReference)
    public final void setVersionRef(com.google.firebase.database.DatabaseReference)
    public final void setPasswordRef(com.google.firebase.database.DatabaseReference)
    public final void setAppPref(tkhub.project.kesbewa.services.Perfrences.AppPrefs)
    public final void setDatabaseEmptyRef(com.google.firebase.database.DatabaseReference)
tkhub.project.kesbewa.data.db.OrderDao_Impl$15
...
com.bumptech.glide.request.target.CustomTarget:
    public void <init>(int,int)
com.bumptech.glide.load.engine.bitmap_recycle.SizeConfigStrategy:
    public static android.graphics.Bitmap$Config[] getInConfigs(android.graphics.Bitmap$Config)
    public final com.bumptech.glide.load.engine.bitmap_recycle.SizeConfigStrategy$Key findBestKey(int,android.graphics.Bitmap$Config)
com.google.firebase.perf.metrics.Trace:
    public void <init>(java.lang.String,com.google.firebase.perf.internal.FirebasePerfClearcutLogger,com.google.firebase.perf.util.Clock,com.google.firebase.perf.internal.AppStateMonitor,com.google.firebase.perf.internal.GaugeManager)
    public void <init>(android.os.Parcel,boolean)
    public final void setEndTimeOfLastStage(com.google.firebase.perf.util.Timer)
    public final com.google.firebase.perf.metrics.Counter obtainOrCreateCounterByName(java.lang.String)
    public java.lang.String getName()
    public java.util.Map getCounters()
    public com.google.firebase.perf.util.Timer getStartTime()
    public com.google.firebase.perf.util.Timer getEndTime()
    public java.util.List getSubtraces()
    public boolean isActive()
    public java.util.List getSessions()
    public static final java.util.Map sTraces
    public static final android.os.Parcelable$Creator CREATOR_DATAONLY
com.pierfrancescosoffritti.androidyoutubeplayer.core.ui.DefaultPlayerUiController$initClickListeners$3
com.google.firebase.perf.v1.TraceMetric:
    public final void setName(java.lang.String)
    public final void setClientStartTimeUs(long)
    public final void setDurationUs(long)
    public final com.google.protobuf.MapFieldLite internalGetCounters()
    public final com.google.protobuf.MapFieldLite internalGetMutableCounters()
    public final java.util.Map getMutableCountersMap()
    public final void ensureSubtracesIsMutable()
    public final void addSubtraces(com.google.firebase.perf.v1.TraceMetric)
    public final void addAllSubtraces(java.lang.Iterable)
    public final com.google.protobuf.MapFieldLite internalGetCustomAttributes()
    public final com.google.protobuf.MapFieldLite internalGetMutableCustomAttributes()
    public final java.util.Map getMutableCustomAttributesMap()
    public final void ensurePerfSessionsIsMutable()
    public final void addPerfSessions(com.google.firebase.perf.v1.PerfSession)
    public final void addAllPerfSessions(java.lang.Iterable)
androidx.constraintlayout.solver.widgets.ConstraintWidget:
    public static void <clinit>()
    public final void addAnchors()
    public void setMaxWidth(int)
    public void setMaxHeight(int)
    public boolean isSpreadWidth()
    public boolean isSpreadHeight()
    public void updateResolutionNodes()
    public androidx.constraintlayout.solver.widgets.ConstraintWidget getParent()
    public void setParent(androidx.constraintlayout.solver.widgets.ConstraintWidget)
    public void setWidthWrapContent(boolean)
    public void setHeightWrapContent(boolean)
    public void connectCircularConstraint(androidx.constraintlayout.solver.widgets.ConstraintWidget,float,int)
    public void setVisibility(int)
    public int getVisibility()
    public java.lang.String getDebugName()
    public void setDebugName(java.lang.String)
    public int getX()
    public int getY()
    public int getWrapWidth()
    public int getWrapHeight()
    public int getDrawX()
    public int getDrawY()
    public int getRootX()
    public int getRootY()
    public int getRight()
    public int getBottom()
    public float getBiasPercent(int)
    public boolean hasBaseline()
    public int getBaselineDistance()
    public java.lang.Object getCompanionWidget()
    public java.util.ArrayList getAnchors()
    public void setX(int)
    public void setY(int)
    public void setOrigin(int,int)
    public void setHorizontalMatchStyle(int,int,int,float)
    public void setVerticalMatchStyle(int,int,int,float)